[2023-10-06T18:56:28.327+0000] {processor.py:157} INFO - Started process (PID=55094) to work on /home/airflow/.local/lib/python3.8/site-packages/airflow/example_dags/example_setup_teardown.py
[2023-10-06T18:56:28.328+0000] {processor.py:829} INFO - Processing file /home/airflow/.local/lib/python3.8/site-packages/airflow/example_dags/example_setup_teardown.py for tasks to queue
[2023-10-06T18:56:28.329+0000] {logging_mixin.py:151} INFO - [2023-10-06T18:56:28.329+0000] {dagbag.py:539} INFO - Filling up the DagBag from /home/airflow/.local/lib/python3.8/site-packages/airflow/example_dags/example_setup_teardown.py
[2023-10-06T18:56:28.344+0000] {processor.py:839} INFO - DAG(s) dict_keys(['example_setup_teardown']) retrieved from /home/airflow/.local/lib/python3.8/site-packages/airflow/example_dags/example_setup_teardown.py
[2023-10-06T18:56:28.404+0000] {logging_mixin.py:151} INFO - [2023-10-06T18:56:28.404+0000] {dag.py:2915} INFO - Sync 1 DAGs
[2023-10-06T18:56:28.445+0000] {logging_mixin.py:151} INFO - [2023-10-06T18:56:28.445+0000] {dag.py:3696} INFO - Setting next_dagrun for example_setup_teardown to 2023-10-05T18:56:28.444657+00:00, run_after=2023-10-06T18:56:28.444657+00:00
[2023-10-06T18:56:28.987+0000] {processor.py:179} INFO - Processing /home/airflow/.local/lib/python3.8/site-packages/airflow/example_dags/example_setup_teardown.py took 0.666 seconds
[2023-10-06T18:56:59.559+0000] {processor.py:157} INFO - Started process (PID=55159) to work on /home/airflow/.local/lib/python3.8/site-packages/airflow/example_dags/example_setup_teardown.py
[2023-10-06T18:56:59.559+0000] {processor.py:829} INFO - Processing file /home/airflow/.local/lib/python3.8/site-packages/airflow/example_dags/example_setup_teardown.py for tasks to queue
[2023-10-06T18:56:59.560+0000] {logging_mixin.py:151} INFO - [2023-10-06T18:56:59.560+0000] {dagbag.py:539} INFO - Filling up the DagBag from /home/airflow/.local/lib/python3.8/site-packages/airflow/example_dags/example_setup_teardown.py
[2023-10-06T18:56:59.567+0000] {processor.py:839} INFO - DAG(s) dict_keys(['example_setup_teardown']) retrieved from /home/airflow/.local/lib/python3.8/site-packages/airflow/example_dags/example_setup_teardown.py
[2023-10-06T18:56:59.587+0000] {logging_mixin.py:151} INFO - [2023-10-06T18:56:59.587+0000] {dag.py:2915} INFO - Sync 1 DAGs
[2023-10-06T18:56:59.608+0000] {logging_mixin.py:151} INFO - [2023-10-06T18:56:59.608+0000] {dag.py:3696} INFO - Setting next_dagrun for example_setup_teardown to 2023-10-05T18:56:59.607763+00:00, run_after=2023-10-06T18:56:59.607763+00:00
[2023-10-06T18:56:59.633+0000] {processor.py:179} INFO - Processing /home/airflow/.local/lib/python3.8/site-packages/airflow/example_dags/example_setup_teardown.py took 0.077 seconds
[2023-10-06T18:57:30.139+0000] {processor.py:157} INFO - Started process (PID=55218) to work on /home/airflow/.local/lib/python3.8/site-packages/airflow/example_dags/example_setup_teardown.py
[2023-10-06T18:57:30.140+0000] {processor.py:829} INFO - Processing file /home/airflow/.local/lib/python3.8/site-packages/airflow/example_dags/example_setup_teardown.py for tasks to queue
[2023-10-06T18:57:30.141+0000] {logging_mixin.py:151} INFO - [2023-10-06T18:57:30.141+0000] {dagbag.py:539} INFO - Filling up the DagBag from /home/airflow/.local/lib/python3.8/site-packages/airflow/example_dags/example_setup_teardown.py
[2023-10-06T18:57:30.149+0000] {processor.py:839} INFO - DAG(s) dict_keys(['example_setup_teardown']) retrieved from /home/airflow/.local/lib/python3.8/site-packages/airflow/example_dags/example_setup_teardown.py
[2023-10-06T18:57:30.172+0000] {logging_mixin.py:151} INFO - [2023-10-06T18:57:30.172+0000] {dag.py:2915} INFO - Sync 1 DAGs
[2023-10-06T18:57:30.194+0000] {logging_mixin.py:151} INFO - [2023-10-06T18:57:30.194+0000] {dag.py:3696} INFO - Setting next_dagrun for example_setup_teardown to 2023-10-05T18:57:30.194348+00:00, run_after=2023-10-06T18:57:30.194348+00:00
[2023-10-06T18:57:30.221+0000] {processor.py:179} INFO - Processing /home/airflow/.local/lib/python3.8/site-packages/airflow/example_dags/example_setup_teardown.py took 0.085 seconds
