[2023-10-06T18:56:28.204+0000] {processor.py:157} INFO - Started process (PID=55093) to work on /home/airflow/.local/lib/python3.8/site-packages/airflow/example_dags/example_setup_teardown_taskflow.py
[2023-10-06T18:56:28.205+0000] {processor.py:829} INFO - Processing file /home/airflow/.local/lib/python3.8/site-packages/airflow/example_dags/example_setup_teardown_taskflow.py for tasks to queue
[2023-10-06T18:56:28.206+0000] {logging_mixin.py:151} INFO - [2023-10-06T18:56:28.206+0000] {dagbag.py:539} INFO - Filling up the DagBag from /home/airflow/.local/lib/python3.8/site-packages/airflow/example_dags/example_setup_teardown_taskflow.py
[2023-10-06T18:56:28.217+0000] {processor.py:839} INFO - DAG(s) dict_keys(['example_setup_teardown_taskflow']) retrieved from /home/airflow/.local/lib/python3.8/site-packages/airflow/example_dags/example_setup_teardown_taskflow.py
[2023-10-06T18:56:28.243+0000] {logging_mixin.py:151} INFO - [2023-10-06T18:56:28.243+0000] {dag.py:2915} INFO - Sync 1 DAGs
[2023-10-06T18:56:28.267+0000] {logging_mixin.py:151} INFO - [2023-10-06T18:56:28.267+0000] {dag.py:3696} INFO - Setting next_dagrun for example_setup_teardown_taskflow to 2023-10-05T18:56:28.266839+00:00, run_after=2023-10-06T18:56:28.266839+00:00
[2023-10-06T18:56:28.291+0000] {processor.py:179} INFO - Processing /home/airflow/.local/lib/python3.8/site-packages/airflow/example_dags/example_setup_teardown_taskflow.py took 0.091 seconds
[2023-10-06T18:56:58.533+0000] {processor.py:157} INFO - Started process (PID=55150) to work on /home/airflow/.local/lib/python3.8/site-packages/airflow/example_dags/example_setup_teardown_taskflow.py
[2023-10-06T18:56:58.534+0000] {processor.py:829} INFO - Processing file /home/airflow/.local/lib/python3.8/site-packages/airflow/example_dags/example_setup_teardown_taskflow.py for tasks to queue
[2023-10-06T18:56:58.535+0000] {logging_mixin.py:151} INFO - [2023-10-06T18:56:58.535+0000] {dagbag.py:539} INFO - Filling up the DagBag from /home/airflow/.local/lib/python3.8/site-packages/airflow/example_dags/example_setup_teardown_taskflow.py
[2023-10-06T18:56:58.546+0000] {processor.py:839} INFO - DAG(s) dict_keys(['example_setup_teardown_taskflow']) retrieved from /home/airflow/.local/lib/python3.8/site-packages/airflow/example_dags/example_setup_teardown_taskflow.py
[2023-10-06T18:56:58.566+0000] {logging_mixin.py:151} INFO - [2023-10-06T18:56:58.566+0000] {dag.py:2915} INFO - Sync 1 DAGs
[2023-10-06T18:56:58.587+0000] {logging_mixin.py:151} INFO - [2023-10-06T18:56:58.587+0000] {dag.py:3696} INFO - Setting next_dagrun for example_setup_teardown_taskflow to 2023-10-05T18:56:58.587206+00:00, run_after=2023-10-06T18:56:58.587206+00:00
[2023-10-06T18:56:58.610+0000] {processor.py:179} INFO - Processing /home/airflow/.local/lib/python3.8/site-packages/airflow/example_dags/example_setup_teardown_taskflow.py took 0.081 seconds
[2023-10-06T18:57:29.115+0000] {processor.py:157} INFO - Started process (PID=55208) to work on /home/airflow/.local/lib/python3.8/site-packages/airflow/example_dags/example_setup_teardown_taskflow.py
[2023-10-06T18:57:29.116+0000] {processor.py:829} INFO - Processing file /home/airflow/.local/lib/python3.8/site-packages/airflow/example_dags/example_setup_teardown_taskflow.py for tasks to queue
[2023-10-06T18:57:29.117+0000] {logging_mixin.py:151} INFO - [2023-10-06T18:57:29.117+0000] {dagbag.py:539} INFO - Filling up the DagBag from /home/airflow/.local/lib/python3.8/site-packages/airflow/example_dags/example_setup_teardown_taskflow.py
[2023-10-06T18:57:29.126+0000] {processor.py:839} INFO - DAG(s) dict_keys(['example_setup_teardown_taskflow']) retrieved from /home/airflow/.local/lib/python3.8/site-packages/airflow/example_dags/example_setup_teardown_taskflow.py
[2023-10-06T18:57:29.147+0000] {logging_mixin.py:151} INFO - [2023-10-06T18:57:29.146+0000] {dag.py:2915} INFO - Sync 1 DAGs
[2023-10-06T18:57:29.172+0000] {logging_mixin.py:151} INFO - [2023-10-06T18:57:29.171+0000] {dag.py:3696} INFO - Setting next_dagrun for example_setup_teardown_taskflow to 2023-10-05T18:57:29.171619+00:00, run_after=2023-10-06T18:57:29.171619+00:00
[2023-10-06T18:57:29.188+0000] {processor.py:179} INFO - Processing /home/airflow/.local/lib/python3.8/site-packages/airflow/example_dags/example_setup_teardown_taskflow.py took 0.076 seconds
